<?xml version="1.0" encoding="UTF-8"?>
<!-- Generated by org.testng.reporters.JUnitReportReporter -->
<testsuite hostname="10503-L-79591" failures="0" tests="1" name="com.testScript.RegisterationTest_Naidu" time="88.000" errors="0" timestamp="20 Apr 2021 09:52:38 GMT">
  <testcase classname="com.testScript.RegisterationTest_Naidu" name="register1" time="88.000"/>
</testsuite> <!-- com.testScript.RegisterationTest_Naidu -->
