<?xml version="1.0" encoding="UTF-8"?>
<!-- Generated by org.testng.reporters.JUnitReportReporter -->
<testsuite hostname="10503-L-79591" failures="0" tests="1" name="com.testScript.Search" time="2430.134" errors="0" timestamp="2 Mar 2021 11:01:13 GMT">
  <testcase classname="com.testScript.Search" name="regularSearch" time="2430.134"/>
</testsuite> <!-- com.testScript.Search -->
