<?xml version="1.0" encoding="UTF-8"?>
<!-- Generated by org.testng.reporters.JUnitReportReporter -->
<testsuite hostname="10503-L-79591" failures="0" tests="1" name="com.testScript.WcsM" time="1358.451" errors="0" timestamp="5 Mar 2021 11:52:26 GMT">
  <testcase classname="com.testScript.WcsM" name="WcsMe" time="1358.451"/>
</testsuite> <!-- com.testScript.WcsM -->
