<?xml version="1.0" encoding="UTF-8"?>
<!-- Generated by org.testng.reporters.JUnitReportReporter -->
<testsuite hostname="10503-L-79591" failures="0" tests="1" name="com.testScript.test2" time="144.157" errors="0" timestamp="22 Feb 2021 11:00:25 GMT">
  <testcase classname="com.testScript.test2" name="class22" time="144.157"/>
</testsuite> <!-- com.testScript.test2 -->
