<?xml version="1.0" encoding="UTF-8"?>
<!-- Generated by org.testng.reporters.JUnitReportReporter -->
<testsuite hostname="10503-L-79591" failures="0" tests="1" name="com.testScript.Naidu_Edit_PI" time="414.288" errors="0" timestamp="6 Mar 2021 07:33:05 GMT">
  <testcase classname="com.testScript.Naidu_Edit_PI" name="edit_pI" time="414.288"/>
</testsuite> <!-- com.testScript.Naidu_Edit_PI -->
