<?xml version="1.0" encoding="UTF-8"?>
<!-- Generated by org.testng.reporters.JUnitReportReporter -->
<testsuite hostname="10503-L-79591" failures="0" tests="1" name="com.TestScript.Ecommerce" time="91.777" errors="0" timestamp="5 Apr 2021 17:35:36 GMT">
  <testcase classname="com.TestScript.Ecommerce" name="shopping" time="91.777"/>
</testsuite> <!-- com.TestScript.Ecommerce -->
